[Sun Nov 10 2019 23:05:40 GMT-0700 (GMT-07:00)] INFO Server running at 3000
[Sun Nov 10 2019 23:05:41 GMT-0700 (GMT-07:00)] INFO Mongoose conected to: mongodb://127.0.0.1:27017/FacebootAPI
[Mon Nov 11 2019 11:51:18 GMT-0700 (GMT-07:00)] INFO Server running at 3000
[Mon Nov 11 2019 11:51:19 GMT-0700 (GMT-07:00)] INFO Mongoose conected to: mongodb://127.0.0.1:27017/FacebootAPI
[Mon Nov 11 2019 11:53:37 GMT-0700 (GMT-07:00)] INFO Server running at 3000
[Mon Nov 11 2019 11:53:37 GMT-0700 (GMT-07:00)] INFO Mongoose conected to: mongodb://127.0.0.1:27017/FacebootAPI
[Mon Nov 11 2019 11:58:28 GMT-0700 (GMT-07:00)] INFO Server running at 3000
[Mon Nov 11 2019 11:58:28 GMT-0700 (GMT-07:00)] INFO Mongoose conected to: mongodb://127.0.0.1:27017/FacebootAPI
[Mon Nov 11 2019 11:58:41 GMT-0700 (GMT-07:00)] INFO { _id: 5dc9af61a42def1ef00715a6,
  _idAutor: 5dba5398608c83108082f164,
  tipoPost: 'General',
  texto: 'Comentario numero 7',
  tags: '#estaEsUnaPruebaXdXd',
  comentarios: [],
  createdAt: 2019-11-11T18:58:41.077Z,
  updatedAt: 2019-11-11T18:58:41.077Z,
  __v: 0 }
[Mon Nov 11 2019 13:15:11 GMT-0700 (GMT-07:00)] INFO Server running at 3000
[Mon Nov 11 2019 13:15:12 GMT-0700 (GMT-07:00)] INFO Mongoose conected to: mongodb://127.0.0.1:27017/FacebootAPI
[Mon Nov 11 2019 13:16:43 GMT-0700 (GMT-07:00)] INFO { gen_musicales: [ 'Soul' ],
  gen_peliculas: [ 'Adultos' ],
  _id: 5dbf2d1fae30ee1794f285c7,
  email: 'elcholo69@gmail.com',
  password: 'choloNavajas12',
  nombre: 'Luis Mendoza',
  edad: 23,
  sexo: 'Masculino',
  fecha_nacimiento: 1997-08-23T06:00:00.000Z,
  amigos: [],
  createdAt: 2019-11-03T19:40:15.158Z,
  updatedAt: 2019-11-03T19:40:15.158Z,
  __v: 0 }
[Mon Nov 11 2019 13:20:08 GMT-0700 (GMT-07:00)] INFO Server running at 3000
[Mon Nov 11 2019 13:20:08 GMT-0700 (GMT-07:00)] INFO Mongoose conected to: mongodb://127.0.0.1:27017/FacebootAPI
[Mon Nov 11 2019 13:20:36 GMT-0700 (GMT-07:00)] INFO { gen_musicales: [ 'Soul' ],
  gen_peliculas: [ 'Adultos' ],
  _id: 5dbf2d1fae30ee1794f285c7,
  email: 'elcholo69@gmail.com',
  password: 'choloNavajas12',
  nombre: 'Luis Mendoza',
  edad: 23,
  sexo: 'Masculino',
  fecha_nacimiento: 1997-08-23T06:00:00.000Z,
  amigos: [],
  createdAt: 2019-11-03T19:40:15.158Z,
  updatedAt: 2019-11-03T19:40:15.158Z,
  __v: 0 }
[Mon Nov 11 2019 13:23:51 GMT-0700 (GMT-07:00)] INFO Server running at 3000
[Mon Nov 11 2019 13:23:51 GMT-0700 (GMT-07:00)] INFO Mongoose conected to: mongodb://127.0.0.1:27017/FacebootAPI
[Mon Nov 11 2019 13:24:06 GMT-0700 (GMT-07:00)] INFO { gen_musicales: [ 'Soul' ],
  gen_peliculas: [ 'Adultos' ],
  _id: 5dbf2d1fae30ee1794f285c7,
  email: 'elcholo69@gmail.com',
  password: 'choloNavajas12',
  nombre: 'Luis Mendoza',
  edad: 23,
  sexo: 'Masculino',
  fecha_nacimiento: 1997-08-23T06:00:00.000Z,
  amigos: [],
  createdAt: 2019-11-03T19:40:15.158Z,
  updatedAt: 2019-11-03T19:40:15.158Z,
  __v: 0 }
[Mon Nov 11 2019 13:31:35 GMT-0700 (GMT-07:00)] INFO Server running at 3000
[Mon Nov 11 2019 13:31:35 GMT-0700 (GMT-07:00)] INFO Mongoose conected to: mongodb://127.0.0.1:27017/FacebootAPI
[Mon Nov 11 2019 13:31:56 GMT-0700 (GMT-07:00)] INFO { gen_musicales: [ 'Soul' ],
  gen_peliculas: [ 'Adultos' ],
  _id: 5dbf2d1fae30ee1794f285c7,
  email: 'elcholo69@gmail.com',
  password: 'choloNavajas12',
  nombre: 'Luis Mendoza',
  edad: 23,
  sexo: 'Masculino',
  fecha_nacimiento: 1997-08-23T06:00:00.000Z,
  amigos: [],
  createdAt: 2019-11-03T19:40:15.158Z,
  updatedAt: 2019-11-03T19:40:15.158Z,
  __v: 0 }
[Mon Nov 11 2019 13:33:43 GMT-0700 (GMT-07:00)] INFO Server running at 3000
[Mon Nov 11 2019 13:33:43 GMT-0700 (GMT-07:00)] INFO Mongoose conected to: mongodb://127.0.0.1:27017/FacebootAPI
[Mon Nov 11 2019 13:33:52 GMT-0700 (GMT-07:00)] INFO { gen_musicales: [ 'Soul' ],
  gen_peliculas: [ 'Adultos' ],
  _id: 5dbf2d1fae30ee1794f285c7,
  email: 'elcholo69@gmail.com',
  password: 'choloNavajas12',
  nombre: 'Luis Mendoza',
  edad: 23,
  sexo: 'Masculino',
  fecha_nacimiento: 1997-08-23T06:00:00.000Z,
  amigos: [],
  createdAt: 2019-11-03T19:40:15.158Z,
  updatedAt: 2019-11-03T19:40:15.158Z,
  __v: 0 }
[Mon Nov 11 2019 13:40:12 GMT-0700 (GMT-07:00)] INFO Server running at 3000
[Mon Nov 11 2019 13:40:12 GMT-0700 (GMT-07:00)] INFO Mongoose conected to: mongodb://127.0.0.1:27017/FacebootAPI
[Mon Nov 11 2019 13:40:25 GMT-0700 (GMT-07:00)] INFO ReferenceError: onexionMysql is not defined
    at UsuariosDao.loginUser.then (c:\Users\52644\Desktop\Proyectos\ITSON\Aplicaciones Web Avanzado\FacebootAPI\FacebootAPI\core\controllers\Usuario.controller.js:19:25)
    at process._tickCallback (internal/process/next_tick.js:68:7)
[Mon Nov 11 2019 13:41:03 GMT-0700 (GMT-07:00)] INFO Server running at 3000
[Mon Nov 11 2019 13:41:04 GMT-0700 (GMT-07:00)] INFO Mongoose conected to: mongodb://127.0.0.1:27017/FacebootAPI
[Mon Nov 11 2019 13:41:16 GMT-0700 (GMT-07:00)] INFO { gen_musicales: [ 'Soul' ],
  gen_peliculas: [ 'Adultos' ],
  _id: 5dbf2d1fae30ee1794f285c7,
  email: 'elcholo69@gmail.com',
  password: 'choloNavajas12',
  nombre: 'Luis Mendoza',
  edad: 23,
  sexo: 'Masculino',
  fecha_nacimiento: 1997-08-23T06:00:00.000Z,
  amigos: [],
  createdAt: 2019-11-03T19:40:15.158Z,
  updatedAt: 2019-11-03T19:40:15.158Z,
  __v: 0 }
[Mon Nov 11 2019 13:46:22 GMT-0700 (GMT-07:00)] INFO Server running at 3000
[Mon Nov 11 2019 13:46:22 GMT-0700 (GMT-07:00)] INFO Mongoose conected to: mongodb://127.0.0.1:27017/FacebootAPI
[Mon Nov 11 2019 13:46:35 GMT-0700 (GMT-07:00)] INFO { gen_musicales: [ 'Soul' ],
  gen_peliculas: [ 'Adultos' ],
  _id: 5dbf2d1fae30ee1794f285c7,
  email: 'elcholo69@gmail.com',
  password: 'choloNavajas12',
  nombre: 'Luis Mendoza',
  edad: 23,
  sexo: 'Masculino',
  fecha_nacimiento: 1997-08-23T06:00:00.000Z,
  amigos: [],
  createdAt: 2019-11-03T19:40:15.158Z,
  updatedAt: 2019-11-03T19:40:15.158Z,
  __v: 0 }
[Mon Nov 11 2019 13:48:50 GMT-0700 (GMT-07:00)] INFO Server running at 3000
[Mon Nov 11 2019 13:48:50 GMT-0700 (GMT-07:00)] INFO Mongoose conected to: mongodb://127.0.0.1:27017/FacebootAPI
[Mon Nov 11 2019 13:49:04 GMT-0700 (GMT-07:00)] INFO TypeError: mysql.query is not a function
    at UsuariosDao.loginUser.then (c:\Users\52644\Desktop\Proyectos\ITSON\Aplicaciones Web Avanzado\FacebootAPI\FacebootAPI\core\controllers\Usuario.controller.js:10:19)
    at process._tickCallback (internal/process/next_tick.js:68:7)
[Mon Nov 11 2019 14:14:30 GMT-0700 (GMT-07:00)] INFO Server running at 3000
[Mon Nov 11 2019 14:14:30 GMT-0700 (GMT-07:00)] INFO Mongoose conected to: mongodb://127.0.0.1:27017/FacebootAPI
[Mon Nov 11 2019 14:14:40 GMT-0700 (GMT-07:00)] INFO ReferenceError: conexion is not defined
    at UsuariosDao.loginUser.then (c:\Users\52644\Desktop\Proyectos\ITSON\Aplicaciones Web Avanzado\FacebootAPI\FacebootAPI\core\controllers\Usuario.controller.js:14:13)
    at process._tickCallback (internal/process/next_tick.js:68:7)
[Mon Nov 11 2019 14:16:34 GMT-0700 (GMT-07:00)] INFO Server running at 3000
[Mon Nov 11 2019 14:16:34 GMT-0700 (GMT-07:00)] INFO Mongoose conected to: mongodb://127.0.0.1:27017/FacebootAPI
[Mon Nov 11 2019 14:16:45 GMT-0700 (GMT-07:00)] INFO { gen_musicales: [ 'Soul' ],
  gen_peliculas: [ 'Adultos' ],
  _id: 5dbf2d1fae30ee1794f285c7,
  email: 'elcholo69@gmail.com',
  password: 'choloNavajas12',
  nombre: 'Luis Mendoza',
  edad: 23,
  sexo: 'Masculino',
  fecha_nacimiento: 1997-08-23T06:00:00.000Z,
  amigos: [],
  createdAt: 2019-11-03T19:40:15.158Z,
  updatedAt: 2019-11-03T19:40:15.158Z,
  __v: 0 }
[Mon Nov 11 2019 14:33:50 GMT-0700 (GMT-07:00)] INFO Server running at 3000
[Mon Nov 11 2019 14:33:50 GMT-0700 (GMT-07:00)] INFO Mongoose conected to: mongodb://127.0.0.1:27017/FacebootAPI
[Mon Nov 11 2019 15:52:31 GMT-0700 (GMT-07:00)] INFO Server running at 3000
[Mon Nov 11 2019 15:52:31 GMT-0700 (GMT-07:00)] INFO Mongoose conected to: mongodb://127.0.0.1:27017/FacebootAPI
[Mon Nov 11 2019 15:54:15 GMT-0700 (GMT-07:00)] INFO Server running at 3000
[Mon Nov 11 2019 15:54:15 GMT-0700 (GMT-07:00)] INFO Mongoose conected to: mongodb://127.0.0.1:27017/FacebootAPI
[Mon Nov 11 2019 15:59:46 GMT-0700 (GMT-07:00)] INFO Server running at 3000
[Mon Nov 11 2019 15:59:46 GMT-0700 (GMT-07:00)] INFO Mongoose conected to: mongodb://127.0.0.1:27017/FacebootAPI
[Mon Nov 11 2019 16:00:37 GMT-0700 (GMT-07:00)] INFO { gen_musicales: [ 'Soul' ],
  gen_peliculas: [ 'Adultos' ],
  _id: 5dbf2d1fae30ee1794f285c7,
  email: 'elcholo69@gmail.com',
  password: 'choloNavajas12',
  nombre: 'Luis Mendoza',
  edad: 23,
  sexo: 'Masculino',
  fecha_nacimiento: 1997-08-23T06:00:00.000Z,
  amigos: [],
  createdAt: 2019-11-03T19:40:15.158Z,
  updatedAt: 2019-11-03T19:40:15.158Z,
  __v: 0 }
[Mon Nov 11 2019 16:01:05 GMT-0700 (GMT-07:00)] INFO Server running at 3000
[Mon Nov 11 2019 16:01:05 GMT-0700 (GMT-07:00)] INFO Mongoose conected to: mongodb://127.0.0.1:27017/FacebootAPI
[Mon Nov 11 2019 16:01:21 GMT-0700 (GMT-07:00)] INFO { gen_musicales: [ 'Soul' ],
  gen_peliculas: [ 'Adultos' ],
  _id: 5dbf2d1fae30ee1794f285c7,
  email: 'elcholo69@gmail.com',
  password: 'choloNavajas12',
  nombre: 'Luis Mendoza',
  edad: 23,
  sexo: 'Masculino',
  fecha_nacimiento: 1997-08-23T06:00:00.000Z,
  amigos: [],
  createdAt: 2019-11-03T19:40:15.158Z,
  updatedAt: 2019-11-03T19:40:15.158Z,
  __v: 0 }
[Mon Nov 11 2019 17:06:44 GMT-0700 (GMT-07:00)] INFO Server running at 3000
[Mon Nov 11 2019 17:06:45 GMT-0700 (GMT-07:00)] INFO Mongoose conected to: mongodb://127.0.0.1:27017/FacebootAPI
[Mon Nov 11 2019 17:07:19 GMT-0700 (GMT-07:00)] INFO { gen_musicales: [ 'Soul' ],
  gen_peliculas: [ 'Adultos' ],
  _id: 5dbf2d1fae30ee1794f285c7,
  email: 'elcholo69@gmail.com',
  password: 'choloNavajas12',
  nombre: 'Luis Mendoza',
  edad: 23,
  sexo: 'Masculino',
  fecha_nacimiento: 1997-08-23T06:00:00.000Z,
  amigos: [],
  createdAt: 2019-11-03T19:40:15.158Z,
  updatedAt: 2019-11-03T19:40:15.158Z,
  __v: 0 }
[Mon Nov 11 2019 17:08:09 GMT-0700 (GMT-07:00)] INFO Server running at 3000
[Mon Nov 11 2019 17:08:09 GMT-0700 (GMT-07:00)] INFO Mongoose conected to: mongodb://127.0.0.1:27017/FacebootAPI
[Mon Nov 11 2019 17:08:34 GMT-0700 (GMT-07:00)] INFO { gen_musicales: [ 'Soul' ],
  gen_peliculas: [ 'Adultos' ],
  _id: 5dbf2d1fae30ee1794f285c7,
  email: 'elcholo69@gmail.com',
  password: 'choloNavajas12',
  nombre: 'Luis Mendoza',
  edad: 23,
  sexo: 'Masculino',
  fecha_nacimiento: 1997-08-23T06:00:00.000Z,
  amigos: [],
  createdAt: 2019-11-03T19:40:15.158Z,
  updatedAt: 2019-11-03T19:40:15.158Z,
  __v: 0 }
[Mon Nov 11 2019 17:10:59 GMT-0700 (GMT-07:00)] INFO Server running at 3000
[Mon Nov 11 2019 17:10:59 GMT-0700 (GMT-07:00)] INFO Mongoose conected to: mongodb://127.0.0.1:27017/FacebootAPI
[Mon Nov 11 2019 17:11:13 GMT-0700 (GMT-07:00)] INFO { gen_musicales: [ 'Soul' ],
  gen_peliculas: [ 'Adultos' ],
  _id: 5dbf2d1fae30ee1794f285c7,
  email: 'elcholo69@gmail.com',
  password: 'choloNavajas12',
  nombre: 'Luis Mendoza',
  edad: 23,
  sexo: 'Masculino',
  fecha_nacimiento: 1997-08-23T06:00:00.000Z,
  amigos: [],
  createdAt: 2019-11-03T19:40:15.158Z,
  updatedAt: 2019-11-03T19:40:15.158Z,
  __v: 0 }
[Mon Nov 11 2019 17:12:39 GMT-0700 (GMT-07:00)] INFO Server running at 3000
[Mon Nov 11 2019 17:12:39 GMT-0700 (GMT-07:00)] INFO Mongoose conected to: mongodb://127.0.0.1:27017/FacebootAPI
[Mon Nov 11 2019 17:12:52 GMT-0700 (GMT-07:00)] INFO { gen_musicales: [ 'Soul' ],
  gen_peliculas: [ 'Adultos' ],
  _id: 5dbf2d1fae30ee1794f285c7,
  email: 'elcholo69@gmail.com',
  password: 'choloNavajas12',
  nombre: 'Luis Mendoza',
  edad: 23,
  sexo: 'Masculino',
  fecha_nacimiento: 1997-08-23T06:00:00.000Z,
  amigos: [],
  createdAt: 2019-11-03T19:40:15.158Z,
  updatedAt: 2019-11-03T19:40:15.158Z,
  __v: 0 }
[Mon Nov 11 2019 17:15:37 GMT-0700 (GMT-07:00)] INFO Server running at 3000
[Mon Nov 11 2019 17:15:37 GMT-0700 (GMT-07:00)] INFO Mongoose conected to: mongodb://127.0.0.1:27017/FacebootAPI
[Mon Nov 11 2019 17:15:49 GMT-0700 (GMT-07:00)] INFO { gen_musicales: [ 'Soul' ],
  gen_peliculas: [ 'Adultos' ],
  _id: 5dbf2d1fae30ee1794f285c7,
  email: 'elcholo69@gmail.com',
  password: 'choloNavajas12',
  nombre: 'Luis Mendoza',
  edad: 23,
  sexo: 'Masculino',
  fecha_nacimiento: 1997-08-23T06:00:00.000Z,
  amigos: [],
  createdAt: 2019-11-03T19:40:15.158Z,
  updatedAt: 2019-11-03T19:40:15.158Z,
  __v: 0 }
[Mon Nov 11 2019 17:26:58 GMT-0700 (GMT-07:00)] INFO Server running at 3000
[Mon Nov 11 2019 17:26:58 GMT-0700 (GMT-07:00)] INFO Mongoose conected to: mongodb://127.0.0.1:27017/FacebootAPI
[Mon Nov 11 2019 17:27:31 GMT-0700 (GMT-07:00)] INFO { gen_musicales: [ 'Soul' ],
  gen_peliculas: [ 'Adultos' ],
  _id: 5dbf2d1fae30ee1794f285c7,
  email: 'elcholo69@gmail.com',
  password: 'choloNavajas12',
  nombre: 'Luis Mendoza',
  edad: 23,
  sexo: 'Masculino',
  fecha_nacimiento: 1997-08-23T06:00:00.000Z,
  amigos: [],
  createdAt: 2019-11-03T19:40:15.158Z,
  updatedAt: 2019-11-03T19:40:15.158Z,
  __v: 0 }
[Mon Nov 11 2019 17:40:04 GMT-0700 (GMT-07:00)] INFO Server running at 3000
[Mon Nov 11 2019 17:40:04 GMT-0700 (GMT-07:00)] INFO Mongoose conected to: mongodb://127.0.0.1:27017/FacebootAPI
[Mon Nov 11 2019 17:40:23 GMT-0700 (GMT-07:00)] INFO { gen_musicales: [ 'Soul' ],
  gen_peliculas: [ 'Adultos' ],
  _id: 5dbf2d1fae30ee1794f285c7,
  email: 'elcholo69@gmail.com',
  password: 'choloNavajas12',
  nombre: 'Luis Mendoza',
  edad: 23,
  sexo: 'Masculino',
  fecha_nacimiento: 1997-08-23T06:00:00.000Z,
  amigos: [],
  createdAt: 2019-11-03T19:40:15.158Z,
  updatedAt: 2019-11-03T19:40:15.158Z,
  __v: 0 }
[Mon Nov 11 2019 17:42:00 GMT-0700 (GMT-07:00)] INFO Server running at 3000
[Mon Nov 11 2019 17:42:00 GMT-0700 (GMT-07:00)] INFO Mongoose conected to: mongodb://127.0.0.1:27017/FacebootAPI
[Mon Nov 11 2019 17:42:10 GMT-0700 (GMT-07:00)] INFO { gen_musicales: [ 'Soul' ],
  gen_peliculas: [ 'Adultos' ],
  _id: 5dbf2d1fae30ee1794f285c7,
  email: 'elcholo69@gmail.com',
  password: 'choloNavajas12',
  nombre: 'Luis Mendoza',
  edad: 23,
  sexo: 'Masculino',
  fecha_nacimiento: 1997-08-23T06:00:00.000Z,
  amigos: [],
  createdAt: 2019-11-03T19:40:15.158Z,
  updatedAt: 2019-11-03T19:40:15.158Z,
  __v: 0 }
[Mon Nov 11 2019 17:43:52 GMT-0700 (GMT-07:00)] INFO Server running at 3000
[Mon Nov 11 2019 17:43:53 GMT-0700 (GMT-07:00)] INFO Mongoose conected to: mongodb://127.0.0.1:27017/FacebootAPI
[Mon Nov 11 2019 17:44:07 GMT-0700 (GMT-07:00)] INFO { gen_musicales: [ 'Soul' ],
  gen_peliculas: [ 'Adultos' ],
  _id: 5dbf2d1fae30ee1794f285c7,
  email: 'elcholo69@gmail.com',
  password: 'choloNavajas12',
  nombre: 'Luis Mendoza',
  edad: 23,
  sexo: 'Masculino',
  fecha_nacimiento: 1997-08-23T06:00:00.000Z,
  amigos: [],
  createdAt: 2019-11-03T19:40:15.158Z,
  updatedAt: 2019-11-03T19:40:15.158Z,
  __v: 0 }
[Mon Nov 11 2019 17:44:36 GMT-0700 (GMT-07:00)] INFO Server running at 3000
[Mon Nov 11 2019 17:44:36 GMT-0700 (GMT-07:00)] INFO Mongoose conected to: mongodb://127.0.0.1:27017/FacebootAPI
[Mon Nov 11 2019 17:45:02 GMT-0700 (GMT-07:00)] INFO { gen_musicales: [ 'Soul' ],
  gen_peliculas: [ 'Adultos' ],
  _id: 5dbf2d1fae30ee1794f285c7,
  email: 'elcholo69@gmail.com',
  password: 'choloNavajas12',
  nombre: 'Luis Mendoza',
  edad: 23,
  sexo: 'Masculino',
  fecha_nacimiento: 1997-08-23T06:00:00.000Z,
  amigos: [],
  createdAt: 2019-11-03T19:40:15.158Z,
  updatedAt: 2019-11-03T19:40:15.158Z,
  __v: 0 }
[Mon Nov 11 2019 17:45:40 GMT-0700 (GMT-07:00)] INFO Server running at 3000
[Mon Nov 11 2019 17:45:40 GMT-0700 (GMT-07:00)] INFO Mongoose conected to: mongodb://127.0.0.1:27017/FacebootAPI
[Mon Nov 11 2019 17:46:28 GMT-0700 (GMT-07:00)] INFO { gen_musicales: [ 'Soul' ],
  gen_peliculas: [ 'Adultos' ],
  _id: 5dbf2d1fae30ee1794f285c7,
  email: 'elcholo69@gmail.com',
  password: 'choloNavajas12',
  nombre: 'Luis Mendoza',
  edad: 23,
  sexo: 'Masculino',
  fecha_nacimiento: 1997-08-23T06:00:00.000Z,
  amigos: [],
  createdAt: 2019-11-03T19:40:15.158Z,
  updatedAt: 2019-11-03T19:40:15.158Z,
  __v: 0 }
